<?xml version="1.0" encoding="UTF-8"?>
<testng-results skipped="0" failed="0" ignored="0" total="1" passed="1">
  <reporter-output>
  </reporter-output>
  <suite name="Default suite" duration-ms="54220" started-at="2019-06-30T05:35:54Z" finished-at="2019-06-30T05:36:49Z">
    <groups>
    </groups>
    <test name="Default test" duration-ms="54220" started-at="2019-06-30T05:35:54Z" finished-at="2019-06-30T05:36:49Z">
      <class name="DriverFactory.DriverScript">
        <test-method status="PASS" signature="startTest()[pri:0, instance:DriverFactory.DriverScript@20e2cbe0]" name="startTest" duration-ms="54192" started-at="2019-06-30T05:35:54Z" finished-at="2019-06-30T05:36:49Z">
          <reporter-output>
          </reporter-output>
        </test-method> <!-- startTest -->
      </class> <!-- DriverFactory.DriverScript -->
    </test> <!-- Default test -->
  </suite> <!-- Default suite -->
</testng-results>
